[0422/185618.379:ERROR:process_info.cc(329)] VirtualQueryEx: Access is denied. (0x5)
[0422/185618.589:ERROR:process_info.cc(556)] ReadMemoryInfo failed
[0422/185618.266:ERROR:process_reader_win.cc(123)] NtOpenThread: {Access Denied} A process has requested access to an object, but has not been granted those access rights. (0xc0000022)
[0422/185618.268:ERROR:process_reader_win.cc(123)] NtOpenThread: {Access Denied} A process has requested access to an object, but has not been granted those access rights. (0xc0000022)
[0422/185619.318:ERROR:exception_snapshot_win.cc(98)] thread ID 2260 not found in process
[0422/185619.318:ERROR:exception_snapshot_win.cc(98)] thread ID 2044 not found in process
[0422/185618.390:ERROR:process_reader_win.cc(123)] NtOpenThread: {Access Denied} A process has requested access to an object, but has not been granted those access rights. (0xc0000022)
[0422/185619.335:ERROR:exception_snapshot_win.cc(98)] thread ID 7904 not found in process
[0422/185618.267:ERROR:process_reader_win.cc(123)] NtOpenThread: {Access Denied} A process has requested access to an object, but has not been granted those access rights. (0xc0000022)
[0422/185619.335:ERROR:exception_snapshot_win.cc(98)] thread ID 8104 not found in process
[0422/185619.335:ERROR:scoped_process_suspend.cc(40)] NtResumeProcess: An attempt was made to access an exiting process. (0xc000010a)
[0422/185618.662:ERROR:scoped_process_suspend.cc(40)] NtResumeProcess: An attempt was made to access an exiting process. (0xc000010a)
[0422/185618.266:ERROR:process_reader_win.cc(123)] NtOpenThread: {Access Denied} A process has requested access to an object, but has not been granted those access rights. (0xc0000022)
[0422/185618.267:ERROR:process_reader_win.cc(123)] NtOpenThread: {Access Denied} A process has requested access to an object, but has not been granted those access rights. (0xc0000022)
[0422/185619.335:ERROR:exception_snapshot_win.cc(98)] thread ID 4024 not found in process
[0422/185618.268:ERROR:process_reader_win.cc(123)] NtOpenThread: {Access Denied} A process has requested access to an object, but has not been granted those access rights. (0xc0000022)
[0422/185619.335:ERROR:exception_snapshot_win.cc(98)] thread ID 4608 not found in process
[0422/185619.335:ERROR:exception_snapshot_win.cc(98)] thread ID 5100 not found in process
[0422/185620.084:ERROR:process_reader_win.cc(123)] NtOpenThread: {Access Denied} A process has requested access to an object, but has not been granted those access rights. (0xc0000022)
[0422/185620.085:ERROR:exception_snapshot_win.cc(98)] thread ID 3100 not found in process
